<?xml version="1.0" encoding="UTF-8"?>
<!-- Generated by org.testng.reporters.JUnitReportReporter -->
<testsuite hostname="DESKTOP-CD955F8" failures="0" tests="1" name="org.testing.TestScripts.TC3_Analytics" time="8.171" errors="0" timestamp="2022-03-06T12:33:58 IST" skipped="0">
  <testcase classname="org.testing.TestScripts.TC3_Analytics" name="analyticsModule" time="8.171"/>
  <system-out/>
</testsuite> <!-- org.testing.TestScripts.TC3_Analytics -->
