<?xml version="1.0" encoding="UTF-8"?>
<!-- Generated by org.testng.reporters.JUnitReportReporter -->
<testsuite hostname="DESKTOP-CD955F8" failures="0" tests="2" name="org.testing.TestScripts.TC1_Users" time="11.647" errors="0" timestamp="2022-03-06T12:33:58 IST" skipped="0">
  <testcase classname="org.testing.TestScripts.TC1_Users" name="usersModule" time="7.382"/>
  <system-out/>
  <testcase classname="org.testing.TestScripts.TC1_Users" name="fieldForce" time="4.265"/>
  <system-out/>
</testsuite> <!-- org.testing.TestScripts.TC1_Users -->
