<?xml version="1.0" encoding="UTF-8"?>
<!-- Generated by org.testng.reporters.JUnitReportReporter -->
<testsuite hostname="DESKTOP-CD955F8" name="org.testing.TestScripts.Nopaperforms" tests="1" failures="0" timestamp="26 Feb 2023 05:13:19 GMT" time="62.846" errors="0">
  <testcase name="tc1Method" time="62.846" classname="org.testing.TestScripts.Nopaperforms"/>
</testsuite> <!-- org.testing.TestScripts.Nopaperforms -->
