<?xml version="1.0" encoding="UTF-8"?>
<!-- Generated by org.testng.reporters.JUnitReportReporter -->
<testsuite hostname="DESKTOP-CD955F8" name="org.testing.TestScripts.TC1" tests="1" failures="0" timestamp="13 Nov 2022 02:33:37 GMT" time="22.141" errors="0">
  <testcase name="tc1Method" time="22.141" classname="org.testing.TestScripts.TC1"/>
</testsuite> <!-- org.testing.TestScripts.TC1 -->
