<?xml version="1.0" encoding="UTF-8"?>
<!-- Generated by org.testng.reporters.JUnitReportReporter -->
<testsuite hostname="DESKTOP-CD955F8" name="org.testing.TestScripts.MSBackendGateway" tests="1" failures="0" timestamp="24 Nov 2022 04:17:15 GMT" time="4.477" errors="0">
  <testcase name="usersPermissions" time="4.477" classname="org.testing.TestScripts.MSBackendGateway"/>
</testsuite> <!-- org.testing.TestScripts.MSBackendGateway -->
