<?xml version="1.0" encoding="UTF-8"?>
<!-- Generated by org.testng.reporters.JUnitReportReporter -->
<testsuite hostname="DESKTOP-CD955F8" name="org.testing.TestScripts.TC1_Users" tests="7" failures="0" timestamp="27 Mar 2022 05:24:47 GMT" time="36.529" errors="0">
  <testcase name="fieldForce" time="3.254" classname="org.testing.TestScripts.TC1_Users"/>
  <testcase name="usersModule" time="8.164" classname="org.testing.TestScripts.TC1_Users"/>
  <testcase name="leads" time="3.487" classname="org.testing.TestScripts.TC1_Users"/>
  <testcase name="usersPermissions" time="2.802" classname="org.testing.TestScripts.TC1_Users"/>
  <testcase name="msForms" time="1.744" classname="org.testing.TestScripts.TC1_Users"/>
  <testcase name="counsellorModule" time="9.308" classname="org.testing.TestScripts.TC1_Users"/>
  <testcase name="analyticsModule" time="7.770" classname="org.testing.TestScripts.TC1_Users"/>
</testsuite> <!-- org.testing.TestScripts.TC1_Users -->
